<?xml version="1.0" encoding="UTF-8"?>
<!DOCTYPE mapper PUBLIC "-//mybatis.org//DTD Mapper 3.0//EN" "http://mybatis.org/dtd/mybatis-3-mapper.dtd">
<mapper namespace="test">
<select id="hotdog" resultType="test.TestHotdogVO">
select * from userinfo where email=#{email}
</select>

<select id="list" resultType="test.TestVO">
	SELECT		*
	FROM		l_catg
</select>

</mapper>
